F:\SOURCE\IROBOT\TOOLS\LUADEBUG PLUGINS NOTEPAD++\LUADEBUG\LUADEBUG\DEBUG\LUADEBUG.OBJ
F:\SOURCE\IROBOT\TOOLS\LUADEBUG PLUGINS NOTEPAD++\LUADEBUG\LUADEBUG\DEBUG\MOBDEBUG.OBJ
F:\SOURCE\IROBOT\TOOLS\LUADEBUG PLUGINS NOTEPAD++\LUADEBUG\LUADEBUG\DEBUG\NPPPLUGINDEMO.OBJ
F:\SOURCE\IROBOT\TOOLS\LUADEBUG PLUGINS NOTEPAD++\LUADEBUG\LUADEBUG\DEBUG\PLUGINDEFINITION.OBJ
F:\SOURCE\IROBOT\TOOLS\LUADEBUG PLUGINS NOTEPAD++\LUADEBUG\LUADEBUG\DEBUG\UTF8.OBJ
F:\SOURCE\IROBOT\TOOLS\LUADEBUG PLUGINS NOTEPAD++\LUADEBUG\LUADEBUG\DEBUG\VC110.PDB
F:\Source\iRobot\tools\luaDebug Plugins NotePad++\LuaDebug\Debug\LuaDebug.lib
F:\Source\iRobot\tools\luaDebug Plugins NotePad++\LuaDebug\Debug\LuaDebug.exp
F:\Source\iRobot\tools\luaDebug Plugins NotePad++\LuaDebug\LuaDebug\Debug\LuaDebug.obj
F:\Source\iRobot\tools\luaDebug Plugins NotePad++\LuaDebug\LuaDebug\Debug\mobdebug.obj
F:\Source\iRobot\tools\luaDebug Plugins NotePad++\LuaDebug\LuaDebug\Debug\NppPluginDemo.obj
F:\Source\iRobot\tools\luaDebug Plugins NotePad++\LuaDebug\LuaDebug\Debug\PluginDefinition.obj
F:\Source\iRobot\tools\luaDebug Plugins NotePad++\LuaDebug\LuaDebug\Debug\utf8.obj
F:\Source\iRobot\tools\luaDebug Plugins NotePad++\LuaDebug\LuaDebug\Debug\cl.command.1.tlog
F:\Source\iRobot\tools\luaDebug Plugins NotePad++\LuaDebug\LuaDebug\Debug\CL.read.1.tlog
F:\Source\iRobot\tools\luaDebug Plugins NotePad++\LuaDebug\LuaDebug\Debug\CL.write.1.tlog
F:\Source\iRobot\tools\luaDebug Plugins NotePad++\LuaDebug\LuaDebug\Debug\link-cvtres.read.1.tlog
F:\Source\iRobot\tools\luaDebug Plugins NotePad++\LuaDebug\LuaDebug\Debug\link-cvtres.write.1.tlog
F:\Source\iRobot\tools\luaDebug Plugins NotePad++\LuaDebug\LuaDebug\Debug\link-rc.read.1.tlog
F:\Source\iRobot\tools\luaDebug Plugins NotePad++\LuaDebug\LuaDebug\Debug\link-rc.write.1.tlog
F:\Source\iRobot\tools\luaDebug Plugins NotePad++\LuaDebug\LuaDebug\Debug\link.1900-cvtres.read.1.tlog
F:\Source\iRobot\tools\luaDebug Plugins NotePad++\LuaDebug\LuaDebug\Debug\link.1900-cvtres.write.1.tlog
F:\Source\iRobot\tools\luaDebug Plugins NotePad++\LuaDebug\LuaDebug\Debug\link.1900-rc.read.1.tlog
F:\Source\iRobot\tools\luaDebug Plugins NotePad++\LuaDebug\LuaDebug\Debug\link.1900-rc.write.1.tlog
F:\Source\iRobot\tools\luaDebug Plugins NotePad++\LuaDebug\LuaDebug\Debug\link.1900.read.1.tlog
F:\Source\iRobot\tools\luaDebug Plugins NotePad++\LuaDebug\LuaDebug\Debug\link.1900.write.1.tlog
F:\Source\iRobot\tools\luaDebug Plugins NotePad++\LuaDebug\LuaDebug\Debug\link.2196-cvtres.read.1.tlog
F:\Source\iRobot\tools\luaDebug Plugins NotePad++\LuaDebug\LuaDebug\Debug\link.2196-cvtres.write.1.tlog
F:\Source\iRobot\tools\luaDebug Plugins NotePad++\LuaDebug\LuaDebug\Debug\link.2196-rc.read.1.tlog
F:\Source\iRobot\tools\luaDebug Plugins NotePad++\LuaDebug\LuaDebug\Debug\link.2196-rc.write.1.tlog
F:\Source\iRobot\tools\luaDebug Plugins NotePad++\LuaDebug\LuaDebug\Debug\link.2196.read.1.tlog
F:\Source\iRobot\tools\luaDebug Plugins NotePad++\LuaDebug\LuaDebug\Debug\link.2196.write.1.tlog
F:\Source\iRobot\tools\luaDebug Plugins NotePad++\LuaDebug\LuaDebug\Debug\link.3324-cvtres.read.1.tlog
F:\Source\iRobot\tools\luaDebug Plugins NotePad++\LuaDebug\LuaDebug\Debug\link.3324-cvtres.write.1.tlog
F:\Source\iRobot\tools\luaDebug Plugins NotePad++\LuaDebug\LuaDebug\Debug\link.3324-rc.read.1.tlog
F:\Source\iRobot\tools\luaDebug Plugins NotePad++\LuaDebug\LuaDebug\Debug\link.3324-rc.write.1.tlog
F:\Source\iRobot\tools\luaDebug Plugins NotePad++\LuaDebug\LuaDebug\Debug\link.3324.read.1.tlog
F:\Source\iRobot\tools\luaDebug Plugins NotePad++\LuaDebug\LuaDebug\Debug\link.3324.write.1.tlog
F:\Source\iRobot\tools\luaDebug Plugins NotePad++\LuaDebug\LuaDebug\Debug\link.3508-cvtres.read.1.tlog
F:\Source\iRobot\tools\luaDebug Plugins NotePad++\LuaDebug\LuaDebug\Debug\link.3508-cvtres.write.1.tlog
F:\Source\iRobot\tools\luaDebug Plugins NotePad++\LuaDebug\LuaDebug\Debug\link.3508-rc.read.1.tlog
F:\Source\iRobot\tools\luaDebug Plugins NotePad++\LuaDebug\LuaDebug\Debug\link.3508-rc.write.1.tlog
F:\Source\iRobot\tools\luaDebug Plugins NotePad++\LuaDebug\LuaDebug\Debug\link.3508.read.1.tlog
F:\Source\iRobot\tools\luaDebug Plugins NotePad++\LuaDebug\LuaDebug\Debug\link.3508.write.1.tlog
F:\Source\iRobot\tools\luaDebug Plugins NotePad++\LuaDebug\LuaDebug\Debug\link.3812-cvtres.read.1.tlog
F:\Source\iRobot\tools\luaDebug Plugins NotePad++\LuaDebug\LuaDebug\Debug\link.3812-cvtres.write.1.tlog
F:\Source\iRobot\tools\luaDebug Plugins NotePad++\LuaDebug\LuaDebug\Debug\link.3812-rc.read.1.tlog
F:\Source\iRobot\tools\luaDebug Plugins NotePad++\LuaDebug\LuaDebug\Debug\link.3812-rc.write.1.tlog
F:\Source\iRobot\tools\luaDebug Plugins NotePad++\LuaDebug\LuaDebug\Debug\link.3812.read.1.tlog
F:\Source\iRobot\tools\luaDebug Plugins NotePad++\LuaDebug\LuaDebug\Debug\link.3812.write.1.tlog
F:\Source\iRobot\tools\luaDebug Plugins NotePad++\LuaDebug\LuaDebug\Debug\link.command.1.tlog
F:\Source\iRobot\tools\luaDebug Plugins NotePad++\LuaDebug\LuaDebug\Debug\link.read.1.tlog
F:\Source\iRobot\tools\luaDebug Plugins NotePad++\LuaDebug\LuaDebug\Debug\link.write.1.tlog
F:\Source\iRobot\tools\luaDebug Plugins NotePad++\LuaDebug\LuaDebug\Debug\LuaDebug.write.1.tlog
F:\Source\iRobot\tools\luaDebug Plugins NotePad++\LuaDebug\LuaDebug\Debug\vc110.idb
F:\Source\iRobot\tools\luaDebug Plugins NotePad++\LuaDebug\LuaDebug\Debug\vc110.pdb
F:\Source\iRobot\tools\luaDebug Plugins NotePad++\LuaDebug\Debug\LuaDebug.pdb
